<?xml version="1.0" encoding="UTF-8"?>
<testng-results ignored="0" total="7" passed="7" failed="0" skipped="0">
  <reporter-output>
  </reporter-output>
  <suite started-at="2024-08-14T15:31:33 BST" name="Surefire suite" finished-at="2024-08-14T15:31:48 BST" duration-ms="15869">
    <groups>
      <group name="cucumber">
        <method signature="AbstractTestNGCucumberTests.runScenario(io.cucumber.testng.PickleWrapper,io.cucumber.testng.FeatureWrapper)[pri:0, instance:TestRunner.CucumberTestRunner@636be97c]" name="runScenario" class="io.cucumber.testng.AbstractTestNGCucumberTests"/>
        <method signature="AbstractTestNGCucumberTests.runScenario(io.cucumber.testng.PickleWrapper,io.cucumber.testng.FeatureWrapper)[pri:0, instance:TestRunner.CucumberTestRunnerBackground@1725dc0f]" name="runScenario" class="io.cucumber.testng.AbstractTestNGCucumberTests"/>
        <method signature="AbstractTestNGCucumberTests.runScenario(io.cucumber.testng.PickleWrapper,io.cucumber.testng.FeatureWrapper)[pri:0, instance:TestRunner.CucumberTestRunnerTags@3911c2a7]" name="runScenario" class="io.cucumber.testng.AbstractTestNGCucumberTests"/>
      </group> <!-- cucumber -->
    </groups>
    <test started-at="2024-08-14T15:31:33 BST" name="Surefire test" finished-at="2024-08-14T15:31:48 BST" duration-ms="15869">
      <class name="TestRunner.CucumberTestRunnerTags">
        <test-method is-config="true" signature="setUpClass(org.testng.ITestContext)[pri:0, instance:TestRunner.CucumberTestRunnerTags@3911c2a7]" started-at="2024-08-14T15:31:48 BST" name="setUpClass" finished-at="2024-08-14T15:31:48 BST" duration-ms="24" status="PASS">
          <params>
            <param index="0">
              <value>
                <![CDATA[org.testng.TestRunner@3fe46690]]>
              </value>
            </param>
          </params>
          <reporter-output>
          </reporter-output>
        </test-method> <!-- setUpClass -->
        <test-method signature="runScenario(io.cucumber.testng.PickleWrapper,io.cucumber.testng.FeatureWrapper)[pri:0, instance:TestRunner.CucumberTestRunnerTags@3911c2a7]" started-at="2024-08-14T15:31:48 BST" name="runScenario" description="Runs Cucumber Scenarios" data-provider="scenarios" finished-at="2024-08-14T15:31:48 BST" duration-ms="5" status="PASS">
          <params>
            <param index="0">
              <value>
                <![CDATA["Scenario 1 from test1"]]>
              </value>
            </param>
            <param index="1">
              <value>
                <![CDATA["This is the test1 for first feature"]]>
              </value>
            </param>
          </params>
          <reporter-output>
          </reporter-output>
        </test-method> <!-- runScenario -->
        <test-method signature="runScenario(io.cucumber.testng.PickleWrapper,io.cucumber.testng.FeatureWrapper)[pri:0, instance:TestRunner.CucumberTestRunnerTags@3911c2a7]" started-at="2024-08-14T15:31:48 BST" name="runScenario" description="Runs Cucumber Scenarios" data-provider="scenarios" finished-at="2024-08-14T15:31:48 BST" duration-ms="8" status="PASS">
          <params>
            <param index="0">
              <value>
                <![CDATA["Scenario 2 from test2"]]>
              </value>
            </param>
            <param index="1">
              <value>
                <![CDATA["This is the test2 for second feature"]]>
              </value>
            </param>
          </params>
          <reporter-output>
          </reporter-output>
        </test-method> <!-- runScenario -->
        <test-method signature="runScenario(io.cucumber.testng.PickleWrapper,io.cucumber.testng.FeatureWrapper)[pri:0, instance:TestRunner.CucumberTestRunnerTags@3911c2a7]" started-at="2024-08-14T15:31:48 BST" name="runScenario" description="Runs Cucumber Scenarios" data-provider="scenarios" finished-at="2024-08-14T15:31:48 BST" duration-ms="4" status="PASS">
          <params>
            <param index="0">
              <value>
                <![CDATA["Scenario 2 from test3"]]>
              </value>
            </param>
            <param index="1">
              <value>
                <![CDATA["This is the test3 for third feature"]]>
              </value>
            </param>
          </params>
          <reporter-output>
          </reporter-output>
        </test-method> <!-- runScenario -->
        <test-method is-config="true" signature="tearDownClass()[pri:0, instance:TestRunner.CucumberTestRunnerTags@3911c2a7]" started-at="2024-08-14T15:31:48 BST" name="tearDownClass" finished-at="2024-08-14T15:31:48 BST" duration-ms="47" status="PASS">
          <reporter-output>
          </reporter-output>
        </test-method> <!-- tearDownClass -->
      </class> <!-- TestRunner.CucumberTestRunnerTags -->
      <class name="TestRunner.CucumberTestRunnerBackground">
        <test-method is-config="true" signature="setUpClass(org.testng.ITestContext)[pri:0, instance:TestRunner.CucumberTestRunnerBackground@1725dc0f]" started-at="2024-08-14T15:31:42 BST" name="setUpClass" finished-at="2024-08-14T15:31:42 BST" duration-ms="19" status="PASS">
          <params>
            <param index="0">
              <value>
                <![CDATA[org.testng.TestRunner@3fe46690]]>
              </value>
            </param>
          </params>
          <reporter-output>
          </reporter-output>
        </test-method> <!-- setUpClass -->
        <test-method signature="runScenario(io.cucumber.testng.PickleWrapper,io.cucumber.testng.FeatureWrapper)[pri:0, instance:TestRunner.CucumberTestRunnerBackground@1725dc0f]" started-at="2024-08-14T15:31:42 BST" name="runScenario" description="Runs Cucumber Scenarios" data-provider="scenarios" finished-at="2024-08-14T15:31:45 BST" duration-ms="2987" status="PASS">
          <params>
            <param index="0">
              <value>
                <![CDATA["Test Menu Items"]]>
              </value>
            </param>
            <param index="1">
              <value>
                <![CDATA["background processes"]]>
              </value>
            </param>
          </params>
          <reporter-output>
          </reporter-output>
        </test-method> <!-- runScenario -->
        <test-method signature="runScenario(io.cucumber.testng.PickleWrapper,io.cucumber.testng.FeatureWrapper)[pri:0, instance:TestRunner.CucumberTestRunnerBackground@1725dc0f]" started-at="2024-08-14T15:31:45 BST" name="runScenario" description="Runs Cucumber Scenarios" data-provider="scenarios" finished-at="2024-08-14T15:31:48 BST" duration-ms="3277" status="PASS">
          <params>
            <param index="0">
              <value>
                <![CDATA["Verify add to cart function"]]>
              </value>
            </param>
            <param index="1">
              <value>
                <![CDATA["background processes"]]>
              </value>
            </param>
          </params>
          <reporter-output>
          </reporter-output>
        </test-method> <!-- runScenario -->
        <test-method is-config="true" signature="tearDownClass()[pri:0, instance:TestRunner.CucumberTestRunnerBackground@1725dc0f]" started-at="2024-08-14T15:31:48 BST" name="tearDownClass" finished-at="2024-08-14T15:31:48 BST" duration-ms="60" status="PASS">
          <reporter-output>
          </reporter-output>
        </test-method> <!-- tearDownClass -->
      </class> <!-- TestRunner.CucumberTestRunnerBackground -->
      <class name="TestRunner.CucumberTestRunner">
        <test-method is-config="true" signature="setUpClass(org.testng.ITestContext)[pri:0, instance:TestRunner.CucumberTestRunner@636be97c]" started-at="2024-08-14T15:31:33 BST" name="setUpClass" finished-at="2024-08-14T15:31:33 BST" duration-ms="748" status="PASS">
          <params>
            <param index="0">
              <value>
                <![CDATA[org.testng.TestRunner@3fe46690]]>
              </value>
            </param>
          </params>
          <reporter-output>
          </reporter-output>
        </test-method> <!-- setUpClass -->
        <test-method signature="runScenario(io.cucumber.testng.PickleWrapper,io.cucumber.testng.FeatureWrapper)[pri:0, instance:TestRunner.CucumberTestRunner@636be97c]" started-at="2024-08-14T15:31:33 BST" name="runScenario" description="Runs Cucumber Scenarios" data-provider="scenarios" finished-at="2024-08-14T15:31:39 BST" duration-ms="5608" status="PASS">
          <params>
            <param index="0">
              <value>
                <![CDATA["check login is successful with valid credentials"]]>
              </value>
            </param>
            <param index="1">
              <value>
                <![CDATA["login page automation"]]>
              </value>
            </param>
          </params>
          <reporter-output>
          </reporter-output>
        </test-method> <!-- runScenario -->
        <test-method signature="runScenario(io.cucumber.testng.PickleWrapper,io.cucumber.testng.FeatureWrapper)[pri:0, instance:TestRunner.CucumberTestRunner@636be97c]" started-at="2024-08-14T15:31:39 BST" name="runScenario" description="Runs Cucumber Scenarios" data-provider="scenarios" finished-at="2024-08-14T15:31:42 BST" duration-ms="2938" status="PASS">
          <params>
            <param index="0">
              <value>
                <![CDATA["check login is successful with valid credentials"]]>
              </value>
            </param>
            <param index="1">
              <value>
                <![CDATA["login page automation"]]>
              </value>
            </param>
          </params>
          <reporter-output>
          </reporter-output>
        </test-method> <!-- runScenario -->
        <test-method is-config="true" signature="tearDownClass()[pri:0, instance:TestRunner.CucumberTestRunner@636be97c]" started-at="2024-08-14T15:31:42 BST" name="tearDownClass" finished-at="2024-08-14T15:31:42 BST" duration-ms="71" status="PASS">
          <reporter-output>
          </reporter-output>
        </test-method> <!-- tearDownClass -->
      </class> <!-- TestRunner.CucumberTestRunner -->
    </test> <!-- Surefire test -->
  </suite> <!-- Surefire suite -->
</testng-results>
