<?xml version="1.0" encoding="UTF-8"?>
<testsuite xmlns:xsi="http://www.w3.org/2001/XMLSchema-instance" xsi:noNamespaceSchemaLocation="https://maven.apache.org/surefire/maven-surefire-plugin/xsd/surefire-test-report.xsd" version="3.0.1" name="TestSuite" time="16.569" tests="7" errors="0" skipped="0" failures="0">
  <properties>
[...]
</properties>
  <testcase name="runScenario[&quot;check login is successful with valid credentials&quot;, &quot;login page automation&quot;](1)" classname="TestRunner.CucumberTestRunner" time="5.607">
    <system-out><![CDATA[
Scenario Outline: check login is successful with valid credentials &amp#27;[90m# src/test/resources/Features/login.feature:12&amp#27;[0m
  &amp#27;[32mGiven &amp#27;[0m&amp#27;[32mUser is on login page&amp#27;[0m                                      &amp#27;[90m# StepDefinitions.LoginStepsDefinitionPageFactory.user_is_on_login()&amp#27;[0m
  &amp#27;[32mWhen &amp#27;[0m&amp#27;[32mUser enters valid &amp#27;[0m&amp#27;[32m&amp#27;[1m"standard_user"&amp#27;[0m&amp#27;[32m and &amp#27;[0m&amp#27;[32m&amp#27;[1m"secret_sauce"&amp#27;[0m        &amp#27;[90m# StepDefinitions.LoginStepsDefinitionPageFactory.user_enters_valid_and(java.lang.String,java.lang.String)&amp#27;[0m
  &amp#27;[32mAnd &amp#27;[0m&amp#27;[32mClick on Login Button&amp#27;[0m                                        &amp#27;[90m# StepDefinitions.LoginStepsDefinitionPageFactory.click_on_login_button()&amp#27;[0m
  &amp#27;[32mThen &amp#27;[0m&amp#27;[32mUser is navigated to Home page&amp#27;[0m                              &amp#27;[90m# StepDefinitions.LoginStepsDefinitionPageFactory.user_is_navigated_to_home_page()&amp#27;[0m
  &amp#27;[32mAnd &amp#27;[0m&amp#27;[32mclose the browser&amp#27;[0m                                            &amp#27;[90m# StepDefinitions.LoginStepsDefinitionPageFactory.close_the_browser()&amp#27;[0m
]]></system-out>
    <system-err><![CDATA[SLF4J: Failed to load class "org.slf4j.impl.StaticLoggerBinder".
SLF4J: Defaulting to no-operation (NOP) logger implementation
SLF4J: See http://www.slf4j.org/codes.html#StaticLoggerBinder for further details.
Aug 14, 2024 3:31:37 PM org.openqa.selenium.devtools.CdpVersionFinder findNearestMatch
WARNING: Unable to find an exact match for CDP version 127, returning the closest version; found: 126; Please update to a Selenium version that supports CDP version 127
]]></system-err>
  </testcase>
  <testcase name="runScenario[&quot;check login is successful with valid credentials&quot;, &quot;login page automation&quot;](2)" classname="TestRunner.CucumberTestRunner" time="2.936">
    <system-out><![CDATA[
Scenario Outline: check login is successful with valid credentials &amp#27;[90m# src/test/resources/Features/login.feature:14&amp#27;[0m
  &amp#27;[32mGiven &amp#27;[0m&amp#27;[32mUser is on login page&amp#27;[0m                                      &amp#27;[90m# StepDefinitions.LoginStepsDefinitionPageFactory.user_is_on_login()&amp#27;[0m
  &amp#27;[32mWhen &amp#27;[0m&amp#27;[32mUser enters valid &amp#27;[0m&amp#27;[32m&amp#27;[1m"problem_user"&amp#27;[0m&amp#27;[32m and &amp#27;[0m&amp#27;[32m&amp#27;[1m"secret_sauce"&amp#27;[0m         &amp#27;[90m# StepDefinitions.LoginStepsDefinitionPageFactory.user_enters_valid_and(java.lang.String,java.lang.String)&amp#27;[0m
  &amp#27;[32mAnd &amp#27;[0m&amp#27;[32mClick on Login Button&amp#27;[0m                                        &amp#27;[90m# StepDefinitions.LoginStepsDefinitionPageFactory.click_on_login_button()&amp#27;[0m
  &amp#27;[32mThen &amp#27;[0m&amp#27;[32mUser is navigated to Home page&amp#27;[0m                              &amp#27;[90m# StepDefinitions.LoginStepsDefinitionPageFactory.user_is_navigated_to_home_page()&amp#27;[0m
  &amp#27;[32mAnd &amp#27;[0m&amp#27;[32mclose the browser&amp#27;[0m                                            &amp#27;[90m# StepDefinitions.LoginStepsDefinitionPageFactory.close_the_browser()&amp#27;[0m
]]></system-out>
    <system-err><![CDATA[Aug 14, 2024 3:31:40 PM org.openqa.selenium.devtools.CdpVersionFinder findNearestMatch
WARNING: Unable to find an exact match for CDP version 127, returning the closest version; found: 126; Please update to a Selenium version that supports CDP version 127
]]></system-err>
  </testcase>
  <testcase name="runScenario[&quot;Test Menu Items&quot;, &quot;background processes&quot;](1)" classname="TestRunner.CucumberTestRunnerBackground" time="2.992">
    <system-out><![CDATA[
Scenario: Test Menu Items                           &amp#27;[90m# src/test/resources/Background/background.feature:9&amp#27;[0m
  &amp#27;[32mGiven &amp#27;[0m&amp#27;[32mUser accesses app login page&amp#27;[0m                &amp#27;[90m# BackgroundStepDefinitions.BackgroundStepDefinitions.user_accesses_app_login_page()&amp#27;[0m
  &amp#27;[32mWhen &amp#27;[0m&amp#27;[32mUser enters valid username and password&amp#27;[0m      &amp#27;[90m# BackgroundStepDefinitions.BackgroundStepDefinitions.user_enters_valid_username_and_password()&amp#27;[0m
  &amp#27;[32mThen &amp#27;[0m&amp#27;[32mUser should be able to navigate to Home page&amp#27;[0m &amp#27;[90m# BackgroundStepDefinitions.BackgroundStepDefinitions.user_should_be_able_to_navigate_to_home_page()&amp#27;[0m
  &amp#27;[32mAnd &amp#27;[0m&amp#27;[32mclicks on breadcrumb icon&amp#27;[0m                     &amp#27;[90m# BackgroundStepDefinitions.BackgroundStepDefinitions.clicks_on_breadcrumb_icon()&amp#27;[0m
  &amp#27;[32mThen &amp#27;[0m&amp#27;[32mUser should be able to see the side menu&amp#27;[0m     &amp#27;[90m# BackgroundStepDefinitions.BackgroundStepDefinitions.user_should_be_able_to_see_the_side_menu()&amp#27;[0m
  &amp#27;[32mAnd &amp#27;[0m&amp#27;[32mclose the browser&amp#27;[0m                             &amp#27;[90m# BackgroundStepDefinitions.BackgroundStepDefinitions.close_the_browser()&amp#27;[0m
]]></system-out>
    <system-err><![CDATA[Aug 14, 2024 3:31:43 PM org.openqa.selenium.devtools.CdpVersionFinder findNearestMatch
WARNING: Unable to find an exact match for CDP version 127, returning the closest version; found: 126; Please update to a Selenium version that supports CDP version 127
]]></system-err>
  </testcase>
  <testcase name="runScenario[&quot;Verify add to cart function&quot;, &quot;background processes&quot;](2)" classname="TestRunner.CucumberTestRunnerBackground" time="3.272">
    <system-out><![CDATA[
Scenario: Verify add to cart function               &amp#27;[90m# src/test/resources/Background/background.feature:14&amp#27;[0m
  &amp#27;[32mGiven &amp#27;[0m&amp#27;[32mUser accesses app login page&amp#27;[0m                &amp#27;[90m# BackgroundStepDefinitions.BackgroundStepDefinitions.user_accesses_app_login_page()&amp#27;[0m
  &amp#27;[32mWhen &amp#27;[0m&amp#27;[32mUser enters valid username and password&amp#27;[0m      &amp#27;[90m# BackgroundStepDefinitions.BackgroundStepDefinitions.user_enters_valid_username_and_password()&amp#27;[0m
  &amp#27;[32mThen &amp#27;[0m&amp#27;[32mUser should be able to navigate to Home page&amp#27;[0m &amp#27;[90m# BackgroundStepDefinitions.BackgroundStepDefinitions.user_should_be_able_to_navigate_to_home_page()&amp#27;[0m
  &amp#27;[32mAnd &amp#27;[0m&amp#27;[32mclicks on Add to button&amp#27;[0m                       &amp#27;[90m# BackgroundStepDefinitions.BackgroundStepDefinitions.clicks_on_add_to_button()&amp#27;[0m
  &amp#27;[32mThen &amp#27;[0m&amp#27;[32mItem should be added to cart&amp#27;[0m                 &amp#27;[90m# BackgroundStepDefinitions.BackgroundStepDefinitions.item_should_be_added_to_cart()&amp#27;[0m
  &amp#27;[32mAnd &amp#27;[0m&amp#27;[32mclose the browser&amp#27;[0m                             &amp#27;[90m# BackgroundStepDefinitions.BackgroundStepDefinitions.close_the_browser()&amp#27;[0m
]]></system-out>
    <system-err><![CDATA[Aug 14, 2024 3:31:46 PM org.openqa.selenium.devtools.CdpVersionFinder findNearestMatch
WARNING: Unable to find an exact match for CDP version 127, returning the closest version; found: 126; Please update to a Selenium version that supports CDP version 127
]]></system-err>
  </testcase>
  <testcase name="runScenario[&quot;Scenario 1 from test1&quot;, &quot;This is the test1 for first feature&quot;](1)" classname="TestRunner.CucumberTestRunnerTags" time="0.006">
    <system-out><![CDATA[
@Smoke
Scenario: Scenario 1 from test1 &amp#27;[90m# src/test/resources/FeaturesWithTags/test1.feature:3&amp#27;[0m
]]></system-out>
  </testcase>
  <testcase name="runScenario[&quot;Scenario 2 from test2&quot;, &quot;This is the test2 for second feature&quot;](2)" classname="TestRunner.CucumberTestRunnerTags" time="0.008">
    <system-out><![CDATA[
@Smoke
Scenario: Scenario 2 from test2 &amp#27;[90m# src/test/resources/FeaturesWithTags/test2.feature:9&amp#27;[0m
]]></system-out>
  </testcase>
  <testcase name="runScenario[&quot;Scenario 2 from test3&quot;, &quot;This is the test3 for third feature&quot;](3)" classname="TestRunner.CucumberTestRunnerTags" time="0.006">
    <system-out><![CDATA[
@Smoke
Scenario: Scenario 2 from test3 &amp#27;[90m# src/test/resources/FeaturesWithTags/test3.feature:9&amp#27;[0m
]]></system-out>
  </testcase>
</testsuite>